#
# There is insufficient memory for the Java Runtime Environment to continue.
# Native memory allocation (mmap) failed to map 32505856 bytes for Failed to commit area from 0x000000008b800000 to 0x000000008d700000 of length 32505856.
# Possible reasons:
#   The system is out of physical RAM or swap space
#   The process is running with CompressedOops enabled, and the Java Heap may be blocking the growth of the native heap
# Possible solutions:
#   Reduce memory load on the system
#   Increase physical memory or swap space
#   Check if swap backing store is full
#   Decrease Java heap size (-Xmx/-Xms)
#   Decrease number of Java threads
#   Decrease Java thread stack sizes (-Xss)
#   Set larger code cache with -XX:ReservedCodeCacheSize=
#   JVM is running with Unscaled Compressed Oops mode in which the Java heap is
#     placed in the first 4GB address space. The Java Heap base address is the
#     maximum limit for the native heap growth. Please use -XX:HeapBaseMinAddress
#     to set the Java Heap base and to place the Java Heap above 4GB virtual address.
# This output file may be truncated or incomplete.
#
#  Out of Memory Error (./src/hotspot/os/windows/os_windows.cpp:3390), pid=17544, tid=16148
#
# JRE version: OpenJDK Runtime Environment Corretto-11.0.15.9.1 (11.0.15+9) (build 11.0.15+9-LTS)
# Java VM: OpenJDK 64-Bit Server VM Corretto-11.0.15.9.1 (11.0.15+9-LTS, mixed mode, tiered, compressed oops, g1 gc, windows-amd64)
# No core dump will be written. Minidumps are not enabled by default on client versions of Windows
#

---------------  S U M M A R Y ------------

Command Line: -XX:TieredStopAtLevel=1 -Xverify:none -Dspring.output.ansi.enabled=always -Dcom.sun.management.jmxremote -Dspring.jmx.enabled=true -Dspring.liveBeansView.mbeanDomain -Dspring.application.admin.enabled=true -javaagent:C:\Program Files\JetBrains\IntelliJ IDEA 2022.1.1\lib\idea_rt.jar=56328:C:\Program Files\JetBrains\IntelliJ IDEA 2022.1.1\bin -Dfile.encoding=UTF-8 com.gsnotes.ApplicationLauncher

Host: Intel(R) Core(TM) i5-5300U CPU @ 2.30GHz, 4 cores, 7G,  Windows 10 , 64 bit Build 19041 (10.0.19041.1706)
Time: Thu Jun  9 18:12:13 2022 Maroc (heure d64 bit Build 19041 (10.0.19041.1706) elapsed time: 10.039219 seconds (0d 0h 0m 10s)

---------------  T H R E A D  ---------------

Current thread (0x00000179fe8d0800):  VMThread "VM Thread" [stack: 0x000000428f600000,0x000000428f700000] [id=16148]

Stack: [0x000000428f600000,0x000000428f700000]
[error occurred during error reporting (printing stack bounds), id 0xc0000005, EXCEPTION_ACCESS_VIOLATION (0xc0000005) at pc=0x00000179e88e112d]

Native frames: (J=compiled Java code, j=interpreted, Vv=VM code, C=native code)
V  [jvm.dll+0x61e7ba]
V  [jvm.dll+0x7ab749]
V  [jvm.dll+0x7ace38]
V  [jvm.dll+0x7ad475]
V  [jvm.dll+0x7ad42b]
V  [jvm.dll+0x61db47]
V  [jvm.dll+0x61e258]
C  [ntdll.dll+0xa209f]
C  [ntdll.dll+0x51454]
C  [ntdll.dll+0xa0bce]
C  0x00000179e88e112d

VM_Operation (0x00000042906f9ec0): CollectForMetadataAllocation, mode: safepoint, requested by thread 0x00000179ffab0800


---------------  P R O C E S S  ---------------

Threads class SMR info:
_java_thread_list=0x00000179835e7af0, length=21, elements={
0x00000179e0193000, 0x00000179fe8f7800, 0x00000179fe900800, 0x00000179ff2a2800,
0x00000179fe911000, 0x00000179fe912800, 0x00000179fe91d800, 0x00000179fe92b800,
0x00000179ff3cf000, 0x00000179ff7ef000, 0x00000179ff9d7000, 0x0000017980995000,
0x00000179ffab0800, 0x0000017980999000, 0x00000179ffb3e000, 0x00000179ffd87000,
0x00000179ff933800, 0x00000179814c0000, 0x00000179ffdb6000, 0x00000179814d1000,
0x00000179814d2000
}

Java Threads: ( => current thread )
  0x00000179e0193000 JavaThread "main" [_thread_blocked, id=15936, stack(0x000000428f000000,0x000000428f100000)]
  0x00000179fe8f7800 JavaThread "Reference Handler" daemon [_thread_blocked, id=14200, stack(0x000000428f700000,0x000000428f800000)]
  0x00000179fe900800 JavaThread "Finalizer" daemon [_thread_blocked, id=5516, stack(0x000000428f800000,0x000000428f900000)]
  0x00000179ff2a2800 JavaThread "Signal Dispatcher" daemon [_thread_blocked, id=18108, stack(0x000000428f900000,0x000000428fa00000)]
  0x00000179fe911000 JavaThread "Attach Listener" daemon [_thread_blocked, id=16840, stack(0x000000428fa00000,0x000000428fb00000)]
  0x00000179fe912800 JavaThread "Service Thread" daemon [_thread_blocked, id=17500, stack(0x000000428fb00000,0x000000428fc00000)]
  0x00000179fe91d800 JavaThread "C1 CompilerThread0" daemon [_thread_blocked, id=17336, stack(0x000000428fc00000,0x000000428fd00000)]
  0x00000179fe92b800 JavaThread "Sweeper thread" daemon [_thread_blocked, id=6616, stack(0x000000428fd00000,0x000000428fe00000)]
  0x00000179ff3cf000 JavaThread "Common-Cleaner" daemon [_thread_blocked, id=17268, stack(0x000000428fe00000,0x000000428ff00000)]
  0x00000179ff7ef000 JavaThread "Monitor Ctrl-Break" daemon [_thread_in_native, id=11100, stack(0x000000428ff00000,0x0000004290000000)]
  0x00000179ff9d7000 JavaThread "RMI TCP Accept-0" daemon [_thread_in_native, id=13752, stack(0x0000004290000000,0x0000004290100000)]
  0x0000017980995000 JavaThread "Thread-0" [_thread_blocked, id=16724, stack(0x0000004290500000,0x0000004290600000)]
  0x00000179ffab0800 JavaThread "restartedMain" [_thread_blocked, id=14220, stack(0x0000004290600000,0x0000004290700000)]
  0x0000017980999000 JavaThread "RMI TCP Connection(2)-192.168.56.1" daemon [_thread_in_native, id=14080, stack(0x0000004290700000,0x0000004290800000)]
  0x00000179ffb3e000 JavaThread "RMI Scheduler(0)" daemon [_thread_blocked, id=6184, stack(0x0000004290800000,0x0000004290900000)]
  0x00000179ffd87000 JavaThread "Catalina-utility-1" [_thread_blocked, id=11044, stack(0x0000004290a00000,0x0000004290b00000)]
  0x00000179ff933800 JavaThread "Catalina-utility-2" [_thread_blocked, id=18188, stack(0x0000004290b00000,0x0000004290c00000)]
  0x00000179814c0000 JavaThread "container-0" [_thread_blocked, id=11088, stack(0x0000004290c00000,0x0000004290d00000)]
  0x00000179ffdb6000 JavaThread "RMI TCP Connection(3)-192.168.56.1" daemon [_thread_in_native, id=18296, stack(0x0000004290d00000,0x0000004290e00000)]
  0x00000179814d1000 JavaThread "HikariPool-1 housekeeper" daemon [_thread_blocked, id=17272, stack(0x0000004290f00000,0x0000004291000000)]
  0x00000179814d2000 JavaThread "HikariPool-1 connection adder" daemon [_thread_blocked, id=12884, stack(0x0000004291000000,0x0000004291100000)]

Other Threads:
=>0x00000179fe8d0800 VMThread "VM Thread" [stack: 0x000000428f600000,0x000000428f700000] [id=16148]
  0x00000179ff9df000 WatcherThread [stack: 0x0000004290100000,0x0000004290200000] [id=17676]
  0x00000179e01a9000 GCTaskThread "GC Thread#0" [stack: 0x000000428f100000,0x000000428f200000] [id=13724]
  0x00000179ffa61800 GCTaskThread "GC Thread#1" [stack: 0x0000004290200000,0x0000004290300000] [id=17412]
  0x00000179ffa41000 GCTaskThread "GC Thread#2" [stack: 0x0000004290300000,0x0000004290400000] [id=6276]
  0x0000017980a08000 GCTaskThread "GC Thread#3" [stack: 0x0000004290900000,0x0000004290a00000] [id=12036]
  0x00000179de17e000 ConcurrentGCThread "G1 Main Marker" [stack: 0x000000428f200000,0x000000428f300000] [id=4992]
  0x00000179e01d5000 ConcurrentGCThread "G1 Conc#0" [stack: 0x000000428f300000,0x000000428f400000] [id=11924]
  0x00000179fe740800 ConcurrentGCThread "G1 Refine#0" [stack: 0x000000428f400000,0x000000428f500000] [id=9976]
  0x00000179ff517800 ConcurrentGCThread "G1 Refine#1" [stack: 0x0000004290400000,0x0000004290500000] [id=16476]
  0x00000179fe741800 ConcurrentGCThread "G1 Young RemSet Sampling" [stack: 0x000000428f500000,0x000000428f600000] [id=7024]

Threads with active compile tasks:

VM state:at safepoint (normal execution)

VM Mutex/Monitor currently owned by a thread:  ([mutex/lock_event])
[0x00000179e018f3d0] Threads_lock - owner thread: 0x00000179fe8d0800
[0x00000179e018eec0] Heap_lock - owner thread: 0x00000179ffab0800

Heap address: 0x0000000081e00000, size: 2018 MB, Compressed Oops mode: 32-bit
Narrow klass base: 0x0000000000000000, Narrow klass shift: 3
Compressed class space size: 1073741824 Address: 0x0000000100000000

Heap:
 garbage-first heap   total 189440K, used 25893K [0x0000000081e00000, 0x0000000100000000)
  region size 1024K, 8 young (8192K), 8 survivors (8192K)
 Metaspace       used 54950K, capacity 56598K, committed 56624K, reserved 1103872K
  class space    used 7138K, capacity 7792K, committed 7808K, reserved 1048576K
Heap Regions: E=young(eden), S=young(survivor), O=old, HS=humongous(starts), HC=humongous(continues), CS=collection set, F=free, A=archive, TAMS=top-at-mark-start (previous, next)
|   0|0x0000000081e00000, 0x0000000081f00000, 0x0000000081f00000|100%|HS|  |TAMS 0x0000000081f00000, 0x0000000081f00000| Complete 
|   1|0x0000000081f00000, 0x0000000082000000, 0x0000000082000000|100%|HS|  |TAMS 0x0000000082000000, 0x0000000082000000| Complete 
|   2|0x0000000082000000, 0x0000000082100000, 0x0000000082100000|100%| O|  |TAMS 0x0000000082100000, 0x0000000082100000| Untracked 
|   3|0x0000000082100000, 0x0000000082200000, 0x0000000082200000|100%| O|  |TAMS 0x0000000082200000, 0x0000000082200000| Untracked 
|   4|0x0000000082200000, 0x0000000082300000, 0x0000000082300000|100%| O|  |TAMS 0x0000000082300000, 0x0000000082300000| Untracked 
|   5|0x0000000082300000, 0x0000000082400000, 0x0000000082400000|100%| O|  |TAMS 0x0000000082400000, 0x0000000082400000| Untracked 
|   6|0x0000000082400000, 0x0000000082500000, 0x0000000082500000|100%| O|  |TAMS 0x0000000082500000, 0x0000000082500000| Untracked 
|   7|0x0000000082500000, 0x0000000082600000, 0x0000000082600000|100%| O|  |TAMS 0x0000000082600000, 0x0000000082600000| Untracked 
|   8|0x0000000082600000, 0x0000000082700000, 0x0000000082700000|100%| O|  |TAMS 0x0000000082700000, 0x0000000082700000| Untracked 
|   9|0x0000000082700000, 0x0000000082800000, 0x0000000082800000|100%| O|  |TAMS 0x0000000082800000, 0x0000000082800000| Untracked 
|  10|0x0000000082800000, 0x0000000082900000, 0x0000000082900000|100%| O|  |TAMS 0x000000008286e000, 0x0000000082900000| Untracked 
|  11|0x0000000082900000, 0x0000000082a00000, 0x0000000082a00000|100%| O|  |TAMS 0x0000000082900000, 0x0000000082a00000| Untracked 
|  12|0x0000000082a00000, 0x0000000082b00000, 0x0000000082b00000|100%| O|  |TAMS 0x0000000082a00000, 0x0000000082b00000| Untracked 
|  13|0x0000000082b00000, 0x0000000082c00000, 0x0000000082c00000|100%| O|  |TAMS 0x0000000082b00000, 0x0000000082c00000| Untracked 
|  14|0x0000000082c00000, 0x0000000082d00000, 0x0000000082d00000|100%| O|  |TAMS 0x0000000082c00000, 0x0000000082d00000| Untracked 
|  15|0x0000000082d00000, 0x0000000082e00000, 0x0000000082e00000|100%| O|  |TAMS 0x0000000082d00000, 0x0000000082e00000| Untracked 
|  16|0x0000000082e00000, 0x0000000082f00000, 0x0000000082f00000|100%| O|  |TAMS 0x0000000082e00000, 0x0000000082f00000| Untracked 
|  17|0x0000000082f00000, 0x0000000082f7ee00, 0x0000000083000000| 49%| O|  |TAMS 0x0000000082f00000, 0x0000000082f7ee00| Untracked 
|  18|0x0000000083000000, 0x0000000083000000, 0x0000000083100000|  0%| F|  |TAMS 0x0000000083000000, 0x0000000083000000| Untracked 
|  19|0x0000000083100000, 0x0000000083100000, 0x0000000083200000|  0%| F|  |TAMS 0x0000000083100000, 0x0000000083100000| Untracked 
|  20|0x0000000083200000, 0x0000000083200000, 0x0000000083300000|  0%| F|  |TAMS 0x0000000083200000, 0x0000000083200000| Untracked 
|  21|0x0000000083300000, 0x0000000083300000, 0x0000000083400000|  0%| F|  |TAMS 0x0000000083300000, 0x0000000083300000| Untracked 
|  22|0x0000000083400000, 0x0000000083400000, 0x0000000083500000|  0%| F|  |TAMS 0x0000000083400000, 0x0000000083400000| Untracked 
|  23|0x0000000083500000, 0x0000000083500000, 0x0000000083600000|  0%| F|  |TAMS 0x0000000083500000, 0x0000000083500000| Untracked 
|  24|0x0000000083600000, 0x0000000083600000, 0x0000000083700000|  0%| F|  |TAMS 0x0000000083600000, 0x0000000083600000| Untracked 
|  25|0x0000000083700000, 0x0000000083700000, 0x0000000083800000|  0%| F|  |TAMS 0x0000000083700000, 0x0000000083700000| Untracked 
|  26|0x0000000083800000, 0x0000000083800000, 0x0000000083900000|  0%| F|  |TAMS 0x0000000083800000, 0x0000000083800000| Untracked 
|  27|0x0000000083900000, 0x0000000083900000, 0x0000000083a00000|  0%| F|  |TAMS 0x0000000083900000, 0x0000000083900000| Untracked 
|  28|0x0000000083a00000, 0x0000000083a00000, 0x0000000083b00000|  0%| F|  |TAMS 0x0000000083a00000, 0x0000000083a00000| Untracked 
|  29|0x0000000083b00000, 0x0000000083b00000, 0x0000000083c00000|  0%| F|  |TAMS 0x0000000083b00000, 0x0000000083b00000| Untracked 
|  30|0x0000000083c00000, 0x0000000083c00000, 0x0000000083d00000|  0%| F|  |TAMS 0x0000000083c00000, 0x0000000083c00000| Untracked 
|  31|0x0000000083d00000, 0x0000000083d00000, 0x0000000083e00000|  0%| F|  |TAMS 0x0000000083d00000, 0x0000000083d00000| Untracked 
|  32|0x0000000083e00000, 0x0000000083e00000, 0x0000000083f00000|  0%| F|  |TAMS 0x0000000083e00000, 0x0000000083e00000| Untracked 
|  33|0x0000000083f00000, 0x0000000083f00000, 0x0000000084000000|  0%| F|  |TAMS 0x0000000083f00000, 0x0000000083f00000| Untracked 
|  34|0x0000000084000000, 0x0000000084000000, 0x0000000084100000|  0%| F|  |TAMS 0x0000000084000000, 0x0000000084000000| Untracked 
|  35|0x0000000084100000, 0x0000000084100000, 0x0000000084200000|  0%| F|  |TAMS 0x0000000084100000, 0x0000000084100000| Untracked 
|  36|0x0000000084200000, 0x0000000084200000, 0x0000000084300000|  0%| F|  |TAMS 0x0000000084200000, 0x0000000084200000| Untracked 
|  37|0x0000000084300000, 0x0000000084300000, 0x0000000084400000|  0%| F|  |TAMS 0x0000000084300000, 0x0000000084300000| Untracked 
|  38|0x0000000084400000, 0x0000000084400000, 0x0000000084500000|  0%| F|  |TAMS 0x0000000084400000, 0x0000000084400000| Untracked 
|  39|0x0000000084500000, 0x0000000084500000, 0x0000000084600000|  0%| F|  |TAMS 0x0000000084500000, 0x0000000084500000| Untracked 
|  40|0x0000000084600000, 0x0000000084600000, 0x0000000084700000|  0%| F|  |TAMS 0x0000000084600000, 0x0000000084600000| Untracked 
|  41|0x0000000084700000, 0x0000000084700000, 0x0000000084800000|  0%| F|  |TAMS 0x0000000084700000, 0x0000000084700000| Untracked 
|  42|0x0000000084800000, 0x0000000084800000, 0x0000000084900000|  0%| F|  |TAMS 0x0000000084800000, 0x0000000084800000| Untracked 
|  43|0x0000000084900000, 0x0000000084900000, 0x0000000084a00000|  0%| F|  |TAMS 0x0000000084900000, 0x0000000084900000| Untracked 
|  44|0x0000000084a00000, 0x0000000084a00000, 0x0000000084b00000|  0%| F|  |TAMS 0x0000000084a00000, 0x0000000084a00000| Untracked 
|  45|0x0000000084b00000, 0x0000000084b00000, 0x0000000084c00000|  0%| F|  |TAMS 0x0000000084b00000, 0x0000000084b00000| Untracked 
|  46|0x0000000084c00000, 0x0000000084c00000, 0x0000000084d00000|  0%| F|  |TAMS 0x0000000084c00000, 0x0000000084c00000| Untracked 
|  47|0x0000000084d00000, 0x0000000084d00000, 0x0000000084e00000|  0%| F|  |TAMS 0x0000000084d00000, 0x0000000084d00000| Untracked 
|  48|0x0000000084e00000, 0x0000000084e00000, 0x0000000084f00000|  0%| F|  |TAMS 0x0000000084e00000, 0x0000000084e00000| Untracked 
|  49|0x0000000084f00000, 0x0000000084f00000, 0x0000000085000000|  0%| F|  |TAMS 0x0000000084f00000, 0x0000000084f00000| Untracked 
|  50|0x0000000085000000, 0x0000000085000000, 0x0000000085100000|  0%| F|  |TAMS 0x0000000085000000, 0x0000000085000000| Untracked 
|  51|0x0000000085100000, 0x0000000085100000, 0x0000000085200000|  0%| F|  |TAMS 0x0000000085100000, 0x0000000085100000| Untracked 
|  52|0x0000000085200000, 0x0000000085200000, 0x0000000085300000|  0%| F|  |TAMS 0x0000000085200000, 0x0000000085200000| Untracked 
|  53|0x0000000085300000, 0x0000000085300000, 0x0000000085400000|  0%| F|  |TAMS 0x0000000085300000, 0x0000000085300000| Untracked 
|  54|0x0000000085400000, 0x0000000085400000, 0x0000000085500000|  0%| F|  |TAMS 0x0000000085400000, 0x0000000085400000| Untracked 
|  55|0x0000000085500000, 0x0000000085500000, 0x0000000085600000|  0%| F|  |TAMS 0x0000000085500000, 0x0000000085500000| Untracked 
|  56|0x0000000085600000, 0x0000000085600000, 0x0000000085700000|  0%| F|  |TAMS 0x0000000085600000, 0x0000000085600000| Untracked 
|  57|0x0000000085700000, 0x0000000085700000, 0x0000000085800000|  0%| F|  |TAMS 0x0000000085700000, 0x0000000085700000| Untracked 
|  58|0x0000000085800000, 0x0000000085800000, 0x0000000085900000|  0%| F|  |TAMS 0x0000000085800000, 0x0000000085800000| Untracked 
|  59|0x0000000085900000, 0x0000000085900000, 0x0000000085a00000|  0%| F|  |TAMS 0x0000000085900000, 0x0000000085900000| Untracked 
|  60|0x0000000085a00000, 0x0000000085a00000, 0x0000000085b00000|  0%| F|  |TAMS 0x0000000085a00000, 0x0000000085a00000| Untracked 
|  61|0x0000000085b00000, 0x0000000085b00000, 0x0000000085c00000|  0%| F|  |TAMS 0x0000000085b00000, 0x0000000085b00000| Untracked 
|  62|0x0000000085c00000, 0x0000000085c00000, 0x0000000085d00000|  0%| F|  |TAMS 0x0000000085c00000, 0x0000000085c00000| Untracked 
|  63|0x0000000085d00000, 0x0000000085d00000, 0x0000000085e00000|  0%| F|  |TAMS 0x0000000085d00000, 0x0000000085d00000| Untracked 
|  64|0x0000000085e00000, 0x0000000085e00000, 0x0000000085f00000|  0%| F|  |TAMS 0x0000000085e00000, 0x0000000085e00000| Untracked 
|  65|0x0000000085f00000, 0x0000000085f00000, 0x0000000086000000|  0%| F|  |TAMS 0x0000000085f00000, 0x0000000085f00000| Untracked 
|  66|0x0000000086000000, 0x0000000086000000, 0x0000000086100000|  0%| F|  |TAMS 0x0000000086000000, 0x0000000086000000| Untracked 
|  67|0x0000000086100000, 0x0000000086100000, 0x0000000086200000|  0%| F|  |TAMS 0x0000000086100000, 0x0000000086100000| Untracked 
|  68|0x0000000086200000, 0x0000000086200000, 0x0000000086300000|  0%| F|  |TAMS 0x0000000086200000, 0x0000000086200000| Untracked 
|  69|0x0000000086300000, 0x0000000086300000, 0x0000000086400000|  0%| F|  |TAMS 0x0000000086300000, 0x0000000086300000| Untracked 
|  70|0x0000000086400000, 0x0000000086400000, 0x0000000086500000|  0%| F|  |TAMS 0x0000000086400000, 0x0000000086400000| Untracked 
|  71|0x0000000086500000, 0x0000000086500000, 0x0000000086600000|  0%| F|  |TAMS 0x0000000086500000, 0x0000000086500000| Untracked 
|  72|0x0000000086600000, 0x0000000086600000, 0x0000000086700000|  0%| F|  |TAMS 0x0000000086600000, 0x0000000086600000| Untracked 
|  73|0x0000000086700000, 0x0000000086700000, 0x0000000086800000|  0%| F|  |TAMS 0x0000000086700000, 0x0000000086700000| Untracked 
|  74|0x0000000086800000, 0x0000000086800000, 0x0000000086900000|  0%| F|  |TAMS 0x0000000086800000, 0x0000000086800000| Untracked 
|  75|0x0000000086900000, 0x0000000086900000, 0x0000000086a00000|  0%| F|  |TAMS 0x0000000086900000, 0x0000000086900000| Untracked 
|  76|0x0000000086a00000, 0x0000000086a00000, 0x0000000086b00000|  0%| F|  |TAMS 0x0000000086a00000, 0x0000000086a00000| Untracked 
|  77|0x0000000086b00000, 0x0000000086b00000, 0x0000000086c00000|  0%| F|  |TAMS 0x0000000086b00000, 0x0000000086b00000| Untracked 
|  78|0x0000000086c00000, 0x0000000086c00000, 0x0000000086d00000|  0%| F|  |TAMS 0x0000000086c00000, 0x0000000086c00000| Untracked 
|  79|0x0000000086d00000, 0x0000000086d00000, 0x0000000086e00000|  0%| F|  |TAMS 0x0000000086d00000, 0x0000000086d00000| Untracked 
|  80|0x0000000086e00000, 0x0000000086e00000, 0x0000000086f00000|  0%| F|  |TAMS 0x0000000086e00000, 0x0000000086e00000| Untracked 
|  81|0x0000000086f00000, 0x0000000086f00000, 0x0000000087000000|  0%| F|  |TAMS 0x0000000086f00000, 0x0000000086f00000| Untracked 
|  82|0x0000000087000000, 0x0000000087000000, 0x0000000087100000|  0%| F|  |TAMS 0x0000000087000000, 0x0000000087000000| Untracked 
|  83|0x0000000087100000, 0x0000000087100000, 0x0000000087200000|  0%| F|  |TAMS 0x0000000087100000, 0x0000000087100000| Untracked 
|  84|0x0000000087200000, 0x0000000087200000, 0x0000000087300000|  0%| F|  |TAMS 0x0000000087200000, 0x0000000087200000| Untracked 
|  85|0x0000000087300000, 0x0000000087300000, 0x0000000087400000|  0%| F|  |TAMS 0x0000000087300000, 0x0000000087300000| Untracked 
|  86|0x0000000087400000, 0x0000000087400000, 0x0000000087500000|  0%| F|  |TAMS 0x0000000087400000, 0x0000000087400000| Untracked 
|  87|0x0000000087500000, 0x0000000087500000, 0x0000000087600000|  0%| F|  |TAMS 0x0000000087500000, 0x0000000087500000| Untracked 
|  88|0x0000000087600000, 0x0000000087600000, 0x0000000087700000|  0%| F|  |TAMS 0x0000000087600000, 0x0000000087600000| Untracked 
|  89|0x0000000087700000, 0x0000000087700000, 0x0000000087800000|  0%| F|  |TAMS 0x0000000087700000, 0x0000000087700000| Untracked 
|  90|0x0000000087800000, 0x0000000087800000, 0x0000000087900000|  0%| F|  |TAMS 0x0000000087800000, 0x0000000087800000| Untracked 
|  91|0x0000000087900000, 0x0000000087900000, 0x0000000087a00000|  0%| F|  |TAMS 0x0000000087900000, 0x0000000087900000| Untracked 
|  92|0x0000000087a00000, 0x0000000087a00000, 0x0000000087b00000|  0%| F|  |TAMS 0x0000000087a00000, 0x0000000087a00000| Untracked 
|  93|0x0000000087b00000, 0x0000000087b00000, 0x0000000087c00000|  0%| F|  |TAMS 0x0000000087b00000, 0x0000000087b00000| Untracked 
|  94|0x0000000087c00000, 0x0000000087c00000, 0x0000000087d00000|  0%| F|  |TAMS 0x0000000087c00000, 0x0000000087c00000| Untracked 
|  95|0x0000000087d00000, 0x0000000087d00000, 0x0000000087e00000|  0%| F|  |TAMS 0x0000000087d00000, 0x0000000087d00000| Untracked 
|  96|0x0000000087e00000, 0x0000000087e00000, 0x0000000087f00000|  0%| F|  |TAMS 0x0000000087e00000, 0x0000000087e00000| Untracked 
|  97|0x0000000087f00000, 0x0000000087f00000, 0x0000000088000000|  0%| F|  |TAMS 0x0000000087f00000, 0x0000000087f00000| Untracked 
|  98|0x0000000088000000, 0x0000000088000000, 0x0000000088100000|  0%| F|  |TAMS 0x0000000088000000, 0x0000000088000000| Untracked 
|  99|0x0000000088100000, 0x0000000088100000, 0x0000000088200000|  0%| F|  |TAMS 0x0000000088100000, 0x0000000088100000| Untracked 
| 100|0x0000000088200000, 0x0000000088200000, 0x0000000088300000|  0%| F|  |TAMS 0x0000000088200000, 0x0000000088200000| Untracked 
| 101|0x0000000088300000, 0x0000000088300000, 0x0000000088400000|  0%| F|  |TAMS 0x0000000088300000, 0x0000000088300000| Untracked 
| 102|0x0000000088400000, 0x0000000088400000, 0x0000000088500000|  0%| F|  |TAMS 0x0000000088400000, 0x0000000088400000| Untracked 
| 103|0x0000000088500000, 0x0000000088500000, 0x0000000088600000|  0%| F|  |TAMS 0x0000000088500000, 0x0000000088500000| Untracked 
| 104|0x0000000088600000, 0x0000000088600000, 0x0000000088700000|  0%| F|  |TAMS 0x0000000088600000, 0x0000000088600000| Untracked 
| 105|0x0000000088700000, 0x0000000088700000, 0x0000000088800000|  0%| F|  |TAMS 0x0000000088700000, 0x0000000088700000| Untracked 
| 106|0x0000000088800000, 0x0000000088800000, 0x0000000088900000|  0%| F|  |TAMS 0x0000000088800000, 0x0000000088800000| Untracked 
| 107|0x0000000088900000, 0x0000000088900000, 0x0000000088a00000|  0%| F|  |TAMS 0x0000000088900000, 0x0000000088900000| Untracked 
| 108|0x0000000088a00000, 0x0000000088a00000, 0x0000000088b00000|  0%| F|  |TAMS 0x0000000088a00000, 0x0000000088a00000| Untracked 
| 109|0x0000000088b00000, 0x0000000088b00000, 0x0000000088c00000|  0%| F|  |TAMS 0x0000000088b00000, 0x0000000088b00000| Untracked 
| 110|0x0000000088c00000, 0x0000000088c00000, 0x0000000088d00000|  0%| F|  |TAMS 0x0000000088c00000, 0x0000000088c00000| Untracked 
| 111|0x0000000088d00000, 0x0000000088d00000, 0x0000000088e00000|  0%| F|  |TAMS 0x0000000088d00000, 0x0000000088d00000| Untracked 
| 112|0x0000000088e00000, 0x0000000088e00000, 0x0000000088f00000|  0%| F|  |TAMS 0x0000000088e00000, 0x0000000088e00000| Untracked 
| 113|0x0000000088f00000, 0x0000000088f00000, 0x0000000089000000|  0%| F|  |TAMS 0x0000000088f00000, 0x0000000088f00000| Untracked 
| 114|0x0000000089000000, 0x0000000089000000, 0x0000000089100000|  0%| F|  |TAMS 0x0000000089000000, 0x0000000089000000| Untracked 
| 115|0x0000000089100000, 0x0000000089100000, 0x0000000089200000|  0%| F|  |TAMS 0x0000000089100000, 0x0000000089100000| Untracked 
| 116|0x0000000089200000, 0x0000000089200000, 0x0000000089300000|  0%| F|  |TAMS 0x0000000089200000, 0x0000000089200000| Untracked 
| 117|0x0000000089300000, 0x0000000089300000, 0x0000000089400000|  0%| F|  |TAMS 0x0000000089300000, 0x0000000089300000| Untracked 
| 118|0x0000000089400000, 0x0000000089400000, 0x0000000089500000|  0%| F|  |TAMS 0x0000000089400000, 0x0000000089400000| Untracked 
| 119|0x0000000089500000, 0x0000000089500000, 0x0000000089600000|  0%| F|  |TAMS 0x0000000089500000, 0x0000000089500000| Untracked 
| 120|0x0000000089600000, 0x0000000089600000, 0x0000000089700000|  0%| F|  |TAMS 0x0000000089600000, 0x0000000089600000| Untracked 
| 121|0x0000000089700000, 0x0000000089700000, 0x0000000089800000|  0%| F|  |TAMS 0x0000000089700000, 0x0000000089700000| Untracked 
| 122|0x0000000089800000, 0x0000000089800000, 0x0000000089900000|  0%| F|  |TAMS 0x0000000089800000, 0x0000000089800000| Untracked 
| 123|0x0000000089900000, 0x0000000089900000, 0x0000000089a00000|  0%| F|  |TAMS 0x0000000089900000, 0x0000000089900000| Untracked 
| 124|0x0000000089a00000, 0x0000000089a00000, 0x0000000089b00000|  0%| F|  |TAMS 0x0000000089a00000, 0x0000000089a00000| Untracked 
| 125|0x0000000089b00000, 0x0000000089b00000, 0x0000000089c00000|  0%| F|  |TAMS 0x0000000089b00000, 0x0000000089b00000| Untracked 
| 126|0x0000000089c00000, 0x0000000089c00000, 0x0000000089d00000|  0%| F|  |TAMS 0x0000000089c00000, 0x0000000089c00000| Untracked 
| 127|0x0000000089d00000, 0x0000000089d00000, 0x0000000089e00000|  0%| F|  |TAMS 0x0000000089d00000, 0x0000000089d00000| Untracked 
| 128|0x0000000089e00000, 0x0000000089e00000, 0x0000000089f00000|  0%| F|  |TAMS 0x0000000089e00000, 0x0000000089e00000| Untracked 
| 129|0x0000000089f00000, 0x0000000089f00000, 0x000000008a000000|  0%| F|  |TAMS 0x0000000089f00000, 0x0000000089f00000| Untracked 
| 130|0x000000008a000000, 0x000000008a0ca7e0, 0x000000008a100000| 79%| S|CS|TAMS 0x000000008a000000, 0x000000008a000000| Complete 
| 131|0x000000008a100000, 0x000000008a200000, 0x000000008a200000|100%| S|CS|TAMS 0x000000008a100000, 0x000000008a100000| Complete 
| 132|0x000000008a200000, 0x000000008a300000, 0x000000008a300000|100%| S|CS|TAMS 0x000000008a200000, 0x000000008a200000| Complete 
| 133|0x000000008a300000, 0x000000008a400000, 0x000000008a400000|100%| S|CS|TAMS 0x000000008a300000, 0x000000008a300000| Complete 
| 134|0x000000008a400000, 0x000000008a500000, 0x000000008a500000|100%| S|CS|TAMS 0x000000008a400000, 0x000000008a400000| Complete 
| 135|0x000000008a500000, 0x000000008a600000, 0x000000008a600000|100%| S|CS|TAMS 0x000000008a500000, 0x000000008a500000| Complete 
| 136|0x000000008a600000, 0x000000008a700000, 0x000000008a700000|100%| S|CS|TAMS 0x000000008a600000, 0x000000008a600000| Complete 
| 137|0x000000008a700000, 0x000000008a800000, 0x000000008a800000|100%| S|CS|TAMS 0x000000008a700000, 0x000000008a700000| Complete 
| 138|0x000000008a800000, 0x000000008a800000, 0x000000008a900000|  0%| F|  |TAMS 0x000000008a800000, 0x000000008a800000| Untracked 
| 139|0x000000008a900000, 0x000000008a900000, 0x000000008aa00000|  0%| F|  |TAMS 0x000000008a900000, 0x000000008a900000| Untracked 
| 140|0x000000008aa00000, 0x000000008aa00000, 0x000000008ab00000|  0%| F|  |TAMS 0x000000008aa00000, 0x000000008aa00000| Untracked 
| 141|0x000000008ab00000, 0x000000008ab00000, 0x000000008ac00000|  0%| F|  |TAMS 0x000000008ab00000, 0x000000008ab00000| Untracked 
| 142|0x000000008ac00000, 0x000000008ac00000, 0x000000008ad00000|  0%| F|  |TAMS 0x000000008ac00000, 0x000000008ac00000| Untracked 
| 143|0x000000008ad00000, 0x000000008ad00000, 0x000000008ae00000|  0%| F|  |TAMS 0x000000008ad00000, 0x000000008ad00000| Untracked 
| 144|0x000000008ae00000, 0x000000008ae00000, 0x000000008af00000|  0%| F|  |TAMS 0x000000008ae00000, 0x000000008ae00000| Untracked 
| 145|0x000000008af00000, 0x000000008af00000, 0x000000008b000000|  0%| F|  |TAMS 0x000000008af00000, 0x000000008af00000| Untracked 
| 146|0x000000008b000000, 0x000000008b000000, 0x000000008b100000|  0%| F|  |TAMS 0x000000008b000000, 0x000000008b000000| Untracked 
| 147|0x000000008b100000, 0x000000008b100000, 0x000000008b200000|  0%| F|  |TAMS 0x000000008b100000, 0x000000008b100000| Untracked 
| 148|0x000000008b200000, 0x000000008b200000, 0x000000008b300000|  0%| F|  |TAMS 0x000000008b200000, 0x000000008b200000| Untracked 
| 149|0x000000008b300000, 0x000000008b300000, 0x000000008b400000|  0%| F|  |TAMS 0x000000008b300000, 0x000000008b300000| Untracked 
| 150|0x000000008b400000, 0x000000008b400000, 0x000000008b500000|  0%| F|  |TAMS 0x000000008b400000, 0x000000008b400000| Untracked 
| 151|0x000000008b500000, 0x000000008b500000, 0x000000008b600000|  0%| F|  |TAMS 0x000000008b500000, 0x000000008b500000| Untracked 
| 152|0x000000008b600000, 0x000000008b600000, 0x000000008b700000|  0%| F|  |TAMS 0x000000008b600000, 0x000000008b600000| Untracked 
| 153|0x000000008b700000, 0x000000008b700000, 0x000000008b800000|  0%| F|  |TAMS 0x000000008b700000, 0x000000008b700000| Untracked 

Card table byte_map: [0x00000179f7ce0000,0x00000179f80e0000] _byte_map_base: 0x00000179f78d1000

Marking Bits (Prev, Next): (CMBitMap*) 0x00000179e01d0208, (CMBitMap*) 0x00000179e01d0240
 Prev Bits: [0x00000179f84e0000, 0x00000179fa468000)
 Next Bits: [0x00000179fa470000, 0x00000179fc3f8000)

Polling page: 0x00000179df960000

Metaspace:

Usage:
  Non-class:     47.66 MB capacity,    46.69 MB ( 98%) used,   807.61 KB (  2%) free+waste,   186.88 KB ( <1%) overhead. 
      Class:      7.61 MB capacity,     6.97 MB ( 92%) used,   561.10 KB (  7%) free+waste,    92.00 KB (  1%) overhead. 
       Both:     55.27 MB capacity,    53.66 MB ( 97%) used,     1.34 MB (  2%) free+waste,   278.88 KB ( <1%) overhead. 

Virtual space:
  Non-class space:       54.00 MB reserved,      47.67 MB ( 88%) committed 
      Class space:        1.00 GB reserved,       7.63 MB ( <1%) committed 
             Both:        1.05 GB reserved,      55.30 MB (  5%) committed 

Chunk freelists:
   Non-Class:  10.00 KB
       Class:  16.00 KB
        Both:  26.00 KB

MaxMetaspaceSize: 17179869184.00 GB
CompressedClassSpaceSize: 1.00 GB
Initial GC threshold: 20.80 MB
Current GC threshold: 58.83 MB
CDS: off

CodeHeap 'non-profiled nmethods': size=238912Kb used=9001Kb max_used=9001Kb free=229910Kb
 bounds [0x00000179e8f90000, 0x00000179e9860000, 0x00000179f78e0000]
CodeHeap 'non-nmethods': size=6848Kb used=1284Kb max_used=1284Kb free=5563Kb
 bounds [0x00000179e88e0000, 0x00000179e8b50000, 0x00000179e8f90000]
 total_blobs=6345 nmethods=5767 adapters=504
 compilation: enabled
              stopped_count=0, restarted_count=0
 full_count=0

Compilation events (20 events):
Event: 9.926 Thread 0x00000179fe91d800 5763       1       sun.reflect.generics.tree.MethodTypeSignature::getParameterTypes (5 bytes)
Event: 9.926 Thread 0x00000179fe91d800 nmethod 5763 0x00000179e9857390 code [0x00000179e9857540, 0x00000179e98575f8]
Event: 9.926 Thread 0x00000179fe91d800 5762       1       java.util.Collections$SingletonSet::size (2 bytes)
Event: 9.926 Thread 0x00000179fe91d800 nmethod 5762 0x00000179e9857690 code [0x00000179e9857840, 0x00000179e98578f8]
Event: 9.927 Thread 0x00000179fe91d800 5764       1       org.springframework.beans.factory.annotation.InjectionMetadata::forElements (33 bytes)
Event: 9.927 Thread 0x00000179fe91d800 nmethod 5764 0x00000179e9857990 code [0x00000179e9857b60, 0x00000179e9857e88]
Event: 9.927 Thread 0x00000179fe91d800 5765       1       org.springframework.beans.factory.annotation.InjectionMetadata::checkConfigMembers (87 bytes)
Event: 9.928 Thread 0x00000179fe91d800 nmethod 5765 0x00000179e9857f90 code [0x00000179e98581e0, 0x00000179e9858658]
Event: 9.928 Thread 0x00000179fe91d800 5767       1       org.springframework.beans.factory.annotation.InjectionMetadata::inject (75 bytes)
Event: 9.928 Thread 0x00000179fe91d800 nmethod 5767 0x00000179e9858910 code [0x00000179e9858b00, 0x00000179e9858d08]
Event: 9.928 Thread 0x00000179fe91d800 5766       1       org.springframework.beans.factory.annotation.InjectionMetadata::needsRefresh (14 bytes)
Event: 9.929 Thread 0x00000179fe91d800 nmethod 5766 0x00000179e9858e90 code [0x00000179e9859040, 0x00000179e9859118]
Event: 9.974 Thread 0x00000179fe91d800 5768       1       sun.reflect.generics.reflectiveObjects.WildcardTypeImpl::getUpperBounds (34 bytes)
Event: 9.974 Thread 0x00000179fe91d800 nmethod 5768 0x00000179e9859190 code [0x00000179e9859360, 0x00000179e98595d8]
Event: 9.974 Thread 0x00000179fe91d800 5769       1       sun.reflect.generics.parser.SignatureParser::parseIdentifier (13 bytes)
Event: 9.975 Thread 0x00000179fe91d800 nmethod 5769 0x00000179e9859690 code [0x00000179e9859840, 0x00000179e9859958]
Event: 9.975 Thread 0x00000179fe91d800 5770       1       org.springframework.beans.GenericTypeAwarePropertyDescriptor::getWriteMethod (5 bytes)
Event: 9.975 Thread 0x00000179fe91d800 nmethod 5770 0x00000179e9859a10 code [0x00000179e9859bc0, 0x00000179e9859c78]
Event: 9.979 Thread 0x00000179fe91d800 5771   !   1       org.springframework.beans.factory.annotation.InitDestroyAnnotationBeanPostProcessor::findLifecycleMetadata (87 bytes)
Event: 9.979 Thread 0x00000179fe91d800 nmethod 5771 0x00000179e9859d10 code [0x00000179e9859f00, 0x00000179e985a2e8]

GC Heap History (19 events):
Event: 1.324 GC heap before
{Heap before GC invocations=0 (full 0):
 garbage-first heap   total 131072K, used 15360K [0x0000000081e00000, 0x0000000100000000)
  region size 1024K, 14 young (14336K), 0 survivors (0K)
 Metaspace       used 11571K, capacity 11882K, committed 12160K, reserved 1060864K
  class space    used 1183K, capacity 1302K, committed 1408K, reserved 1048576K
}
Event: 1.331 GC heap after
{Heap after GC invocations=1 (full 0):
 garbage-first heap   total 131072K, used 8338K [0x0000000081e00000, 0x0000000100000000)
  region size 1024K, 2 young (2048K), 2 survivors (2048K)
 Metaspace       used 11571K, capacity 11882K, committed 12160K, reserved 1060864K
  class space    used 1183K, capacity 1302K, committed 1408K, reserved 1048576K
}
Event: 1.650 GC heap before
{Heap before GC invocations=1 (full 0):
 garbage-first heap   total 131072K, used 20626K [0x0000000081e00000, 0x0000000100000000)
  region size 1024K, 14 young (14336K), 2 survivors (2048K)
 Metaspace       used 14350K, capacity 14800K, committed 14976K, reserved 1062912K
  class space    used 1493K, capacity 1639K, committed 1664K, reserved 1048576K
}
Event: 1.655 GC heap after
{Heap after GC invocations=2 (full 0):
 garbage-first heap   total 131072K, used 9623K [0x0000000081e00000, 0x0000000100000000)
  region size 1024K, 2 young (2048K), 2 survivors (2048K)
 Metaspace       used 14350K, capacity 14800K, committed 14976K, reserved 1062912K
  class space    used 1493K, capacity 1639K, committed 1664K, reserved 1048576K
}
Event: 2.173 GC heap before
{Heap before GC invocations=2 (full 0):
 garbage-first heap   total 131072K, used 33175K [0x0000000081e00000, 0x0000000100000000)
  region size 1024K, 26 young (26624K), 2 survivors (2048K)
 Metaspace       used 18189K, capacity 18769K, committed 18944K, reserved 1067008K
  class space    used 2023K, capacity 2239K, committed 2304K, reserved 1048576K
}
Event: 2.178 GC heap after
{Heap after GC invocations=3 (full 0):
 garbage-first heap   total 131072K, used 10853K [0x0000000081e00000, 0x0000000100000000)
  region size 1024K, 3 young (3072K), 3 survivors (3072K)
 Metaspace       used 18189K, capacity 18769K, committed 18944K, reserved 1067008K
  class space    used 2023K, capacity 2239K, committed 2304K, reserved 1048576K
}
Event: 2.492 GC heap before
{Heap before GC invocations=3 (full 0):
 garbage-first heap   total 131072K, used 26213K [0x0000000081e00000, 0x0000000100000000)
  region size 1024K, 19 young (19456K), 3 survivors (3072K)
 Metaspace       used 20454K, capacity 21128K, committed 21296K, reserved 1069056K
  class space    used 2335K, capacity 2607K, committed 2688K, reserved 1048576K
}
Event: 2.499 GC heap after
{Heap after GC invocations=4 (full 0):
 garbage-first heap   total 131072K, used 11806K [0x0000000081e00000, 0x0000000100000000)
  region size 1024K, 4 young (4096K), 4 survivors (4096K)
 Metaspace       used 20454K, capacity 21128K, committed 21296K, reserved 1069056K
  class space    used 2335K, capacity 2607K, committed 2688K, reserved 1048576K
}
Event: 3.125 GC heap before
{Heap before GC invocations=5 (full 0):
 garbage-first heap   total 131072K, used 64030K [0x0000000081e00000, 0x0000000100000000)
  region size 1024K, 56 young (57344K), 4 survivors (4096K)
 Metaspace       used 25751K, capacity 26626K, committed 26800K, reserved 1073152K
  class space    used 3145K, capacity 3479K, committed 3584K, reserved 1048576K
}
Event: 3.137 GC heap after
{Heap after GC invocations=6 (full 0):
 garbage-first heap   total 131072K, used 13430K [0x0000000081e00000, 0x0000000100000000)
  region size 1024K, 5 young (5120K), 5 survivors (5120K)
 Metaspace       used 25751K, capacity 26626K, committed 26800K, reserved 1073152K
  class space    used 3145K, capacity 3479K, committed 3584K, reserved 1048576K
}
Event: 4.441 GC heap before
{Heap before GC invocations=6 (full 0):
 garbage-first heap   total 131072K, used 82038K [0x0000000081e00000, 0x0000000100000000)
  region size 1024K, 73 young (74752K), 5 survivors (5120K)
 Metaspace       used 30723K, capacity 31837K, committed 32176K, reserved 1077248K
  class space    used 3819K, capacity 4260K, committed 4352K, reserved 1048576K
}
Event: 4.454 GC heap after
{Heap after GC invocations=7 (full 0):
 garbage-first heap   total 157696K, used 15912K [0x0000000081e00000, 0x0000000100000000)
  region size 1024K, 8 young (8192K), 8 survivors (8192K)
 Metaspace       used 30723K, capacity 31837K, committed 32176K, reserved 1077248K
  class space    used 3819K, capacity 4260K, committed 4352K, reserved 1048576K
}
Event: 5.420 GC heap before
{Heap before GC invocations=7 (full 0):
 garbage-first heap   total 157696K, used 56872K [0x0000000081e00000, 0x0000000100000000)
  region size 1024K, 49 young (50176K), 8 survivors (8192K)
 Metaspace       used 34411K, capacity 35757K, committed 35888K, reserved 1081344K
  class space    used 4397K, capacity 4918K, committed 4992K, reserved 1048576K
}
Event: 5.448 GC heap after
{Heap after GC invocations=8 (full 0):
 garbage-first heap   total 157696K, used 18485K [0x0000000081e00000, 0x0000000100000000)
  region size 1024K, 8 young (8192K), 8 survivors (8192K)
 Metaspace       used 34411K, capacity 35757K, committed 35888K, reserved 1081344K
  class space    used 4397K, capacity 4918K, committed 4992K, reserved 1048576K
}
Event: 7.283 GC heap before
{Heap before GC invocations=9 (full 0):
 garbage-first heap   total 157696K, used 99381K [0x0000000081e00000, 0x0000000100000000)
  region size 1024K, 87 young (89088K), 8 survivors (8192K)
 Metaspace       used 43016K, capacity 44570K, committed 44592K, reserved 1087488K
  class space    used 5406K, capacity 6004K, committed 6016K, reserved 1048576K
}
Event: 7.298 GC heap after
{Heap after GC invocations=10 (full 0):
 garbage-first heap   total 157696K, used 22048K [0x0000000081e00000, 0x0000000100000000)
  region size 1024K, 9 young (9216K), 9 survivors (9216K)
 Metaspace       used 43016K, capacity 44570K, committed 44592K, reserved 1087488K
  class space    used 5406K, capacity 6004K, committed 6016K, reserved 1048576K
}
Event: 9.570 GC heap before
{Heap before GC invocations=10 (full 0):
 garbage-first heap   total 157696K, used 107040K [0x0000000081e00000, 0x0000000100000000)
  region size 1024K, 92 young (94208K), 9 survivors (9216K)
 Metaspace       used 53432K, capacity 54986K, committed 55216K, reserved 1097728K
  class space    used 6976K, capacity 7599K, committed 7680K, reserved 1048576K
}
Event: 9.585 GC heap after
{Heap after GC invocations=11 (full 0):
 garbage-first heap   total 157696K, used 24040K [0x0000000081e00000, 0x0000000100000000)
  region size 1024K, 9 young (9216K), 9 survivors (9216K)
 Metaspace       used 53432K, capacity 54986K, committed 55216K, reserved 1097728K
  class space    used 6976K, capacity 7599K, committed 7680K, reserved 1048576K
}
Event: 10.020 GC heap before
{Heap before GC invocations=11 (full 0):
 garbage-first heap   total 157696K, used 39400K [0x0000000081e00000, 0x0000000100000000)
  region size 1024K, 25 young (25600K), 9 survivors (9216K)
 Metaspace       used 54950K, capacity 56598K, committed 56624K, reserved 1103872K
  class space    used 7138K, capacity 7792K, committed 7808K, reserved 1048576K
}

Deoptimization events (2 events):
Event: 4.396 Thread 0x00000179ffab0800 DEOPT PACKING pc=0x00000179e9296e64 sp=0x00000042906fcbf0
Event: 4.396 Thread 0x00000179ffab0800 DEOPT UNPACKING pc=0x00000179e892a95e sp=0x00000042906fc158 mode 0

Classes redefined (0 events):
No events

Internal exceptions (20 events):
Event: 9.774 Thread 0x00000179ffab0800 Exception <a 'java/lang/ClassNotFoundException'{0x000000008b2e58b0}: org/springframework/data/repository/core/support/RepositoryFactoryBeanSupportCustomizer> (0x000000008b2e58b0) thrown at [./src/hotspot/share/classfile/systemDictionary.cpp, line 230]
Event: 9.784 Thread 0x00000179ffab0800 Exception <a 'java/lang/ClassNotFoundException'{0x000000008b12b7c8}: org/springframework/data/repository/core/support/TransactionalRepositoryFactoryBeanSupportCustomizer> (0x000000008b12b7c8) thrown at [./src/hotspot/share/classfile/systemDictionary.cpp, line 230]
Event: 9.787 Thread 0x00000179ffab0800 Exception <a 'java/lang/ClassNotFoundException'{0x000000008b148b18}: org/springframework/data/jpa/repository/support/JpaRepositoryFactoryBeanCustomizer> (0x000000008b148b18) thrown at [./src/hotspot/share/classfile/systemDictionary.cpp, line 230]
Event: 9.791 Thread 0x00000179ffab0800 Exception <a 'java/lang/ClassNotFoundException'{0x000000008b184528}: org/springframework/beans/factory/BeanFactoryAwareCustomizer> (0x000000008b184528) thrown at [./src/hotspot/share/classfile/systemDictionary.cpp, line 230]
Event: 9.792 Thread 0x00000179ffab0800 Exception <a 'java/lang/ClassNotFoundException'{0x000000008b194b60}: org/springframework/beans/factory/AwareCustomizer> (0x000000008b194b60) thrown at [./src/hotspot/share/classfile/systemDictionary.cpp, line 230]
Event: 9.793 Thread 0x00000179ffab0800 Exception <a 'java/lang/ClassNotFoundException'{0x000000008b1a59d8}: org/springframework/beans/factory/InitializingBeanCustomizer> (0x000000008b1a59d8) thrown at [./src/hotspot/share/classfile/systemDictionary.cpp, line 230]
Event: 9.794 Thread 0x00000179ffab0800 Exception <a 'java/lang/ClassNotFoundException'{0x000000008b1ba990}: org/springframework/data/repository/core/support/RepositoryFactoryInformationCustomizer> (0x000000008b1ba990) thrown at [./src/hotspot/share/classfile/systemDictionary.cpp, line 230]
Event: 9.796 Thread 0x00000179ffab0800 Exception <a 'java/lang/ClassNotFoundException'{0x000000008b1d1528}: org/springframework/beans/factory/FactoryBeanCustomizer> (0x000000008b1d1528) thrown at [./src/hotspot/share/classfile/systemDictionary.cpp, line 230]
Event: 9.797 Thread 0x00000179ffab0800 Exception <a 'java/lang/ClassNotFoundException'{0x000000008b1e6840}: org/springframework/beans/factory/BeanClassLoaderAwareCustomizer> (0x000000008b1e6840) thrown at [./src/hotspot/share/classfile/systemDictionary.cpp, line 230]
Event: 9.798 Thread 0x00000179ffab0800 Exception <a 'java/lang/ClassNotFoundException'{0x000000008b1f6978}: org/springframework/beans/factory/AwareCustomizer> (0x000000008b1f6978) thrown at [./src/hotspot/share/classfile/systemDictionary.cpp, line 230]
Event: 9.799 Thread 0x00000179ffab0800 Exception <a 'java/lang/ClassNotFoundException'{0x000000008b007d90}: org/springframework/beans/factory/BeanFactoryAwareCustomizer> (0x000000008b007d90) thrown at [./src/hotspot/share/classfile/systemDictionary.cpp, line 230]
Event: 9.800 Thread 0x00000179ffab0800 Exception <a 'java/lang/ClassNotFoundException'{0x000000008b0183c8}: org/springframework/beans/factory/AwareCustomizer> (0x000000008b0183c8) thrown at [./src/hotspot/share/classfile/systemDictionary.cpp, line 230]
Event: 9.801 Thread 0x00000179ffab0800 Exception <a 'java/lang/ClassNotFoundException'{0x000000008b02a228}: org/springframework/context/ApplicationEventPublisherAwareCustomizer> (0x000000008b02a228) thrown at [./src/hotspot/share/classfile/systemDictionary.cpp, line 230]
Event: 9.802 Thread 0x00000179ffab0800 Exception <a 'java/lang/ClassNotFoundException'{0x000000008b03aab8}: org/springframework/beans/factory/AwareCustomizer> (0x000000008b03aab8) thrown at [./src/hotspot/share/classfile/systemDictionary.cpp, line 230]
Event: 9.813 Thread 0x00000179ffab0800 Exception <a 'java/lang/ClassNotFoundException'{0x000000008b087740}: java/lang/ObjectCustomizer> (0x000000008b087740) thrown at [./src/hotspot/share/classfile/systemDictionary.cpp, line 230]
Event: 9.815 Thread 0x00000179ffab0800 Exception <a 'java/lang/ClassNotFoundException'{0x000000008b09d330}: org/springframework/core/io/support/PropertiesLoaderSupportCustomizer> (0x000000008b09d330) thrown at [./src/hotspot/share/classfile/systemDictionary.cpp, line 230]
Event: 9.821 Thread 0x00000179ffab0800 Exception <a 'java/lang/ClassNotFoundException'{0x000000008b0b8810}: org/springframework/beans/factory/config/PropertiesFactoryBeanCustomizer> (0x000000008b0b8810) thrown at [./src/hotspot/share/classfile/systemDictionary.cpp, line 230]
Event: 9.825 Thread 0x00000179ffab0800 Exception <a 'java/lang/ClassNotFoundException'{0x000000008b0d9e60}: org/springframework/beans/factory/FactoryBeanCustomizer> (0x000000008b0d9e60) thrown at [./src/hotspot/share/classfile/systemDictionary.cpp, line 230]
Event: 9.827 Thread 0x00000179ffab0800 Exception <a 'java/lang/ClassNotFoundException'{0x000000008b0eded0}: org/springframework/beans/factory/InitializingBeanCustomizer> (0x000000008b0eded0) thrown at [./src/hotspot/share/classfile/systemDictionary.cpp, line 230]
Event: 9.858 Thread 0x00000179ffdb6000 Exception <a 'java/lang/reflect/InvocationTargetException'{0x000000008ae0bea8}> (0x000000008ae0bea8) thrown at [./src/hotspot/share/runtime/reflection.cpp, line 1247]

Events (20 events):
Event: 10.015 loading class org/hibernate/resource/transaction/backend/jdbc/internal/JdbcResourceLocalTransactionCoordinatorImpl done
Event: 10.016 loading class org/hibernate/internal/CoreMessageLogger_$logger_fr_FR
Event: 10.016 loading class org/hibernate/internal/CoreMessageLogger_$logger_fr_FR done
Event: 10.016 loading class org/hibernate/internal/CoreMessageLogger_$logger_fr
Event: 10.016 loading class org/hibernate/internal/CoreMessageLogger_$logger_fr done
Event: 10.016 loading class org/hibernate/resource/transaction/internal/SynchronizationRegistryStandardImpl
Event: 10.016 loading class org/hibernate/resource/transaction/internal/SynchronizationRegistryStandardImpl done
Event: 10.017 loading class org/hibernate/resource/transaction/spi/SynchronizationRegistryImplementor
Event: 10.017 loading class org/hibernate/resource/transaction/spi/SynchronizationRegistryImplementor done
Event: 10.017 loading class org/hibernate/resource/transaction/spi/SynchronizationRegistry
Event: 10.017 loading class org/hibernate/resource/transaction/spi/SynchronizationRegistry done
Event: 10.017 loading class org/hibernate/internal/CoreMessageLogger_$logger_fr_FR
Event: 10.017 loading class org/hibernate/internal/CoreMessageLogger_$logger_fr_FR done
Event: 10.017 loading class org/hibernate/internal/CoreMessageLogger_$logger_fr
Event: 10.017 loading class org/hibernate/internal/CoreMessageLogger_$logger_fr done
Event: 10.018 loading class org/hibernate/engine/internal/StatefulPersistenceContext
Event: 10.018 loading class org/hibernate/engine/internal/StatefulPersistenceContext done
Event: 10.019 loading class org/hibernate/engine/spi/PersistenceContext
Event: 10.019 loading class org/hibernate/engine/spi/PersistenceContext done
Event: 10.020 Executing VM operation: CollectForMetadataAllocation


Dynamic libraries:
0x00007ff78b0a0000 - 0x00007ff78b0ad000 	C:\Users\Mary Rachid\.jdks\corretto-11.0.15\bin\java.exe
0x00007ff97c2b0000 - 0x00007ff97c4a5000 	C:\WINDOWS\SYSTEM32\ntdll.dll
0x00007ff97b880000 - 0x00007ff97b93d000 	C:\WINDOWS\System32\KERNEL32.DLL
0x00007ff979f00000 - 0x00007ff97a1cd000 	C:\WINDOWS\System32\KERNELBASE.dll
0x00007ff97a1d0000 - 0x00007ff97a2d0000 	C:\WINDOWS\System32\ucrtbase.dll
0x00007ff9750d0000 - 0x00007ff9750e7000 	C:\Users\Mary Rachid\.jdks\corretto-11.0.15\bin\jli.dll
0x00007ff97a300000 - 0x00007ff97a4a0000 	C:\WINDOWS\System32\USER32.dll
0x00007ff97a2d0000 - 0x00007ff97a2f2000 	C:\WINDOWS\System32\win32u.dll
0x00007ff975070000 - 0x00007ff975089000 	C:\Users\Mary Rachid\.jdks\corretto-11.0.15\bin\VCRUNTIME140.dll
0x00007ff97b5d0000 - 0x00007ff97b5fa000 	C:\WINDOWS\System32\GDI32.dll
0x00007ff979df0000 - 0x00007ff979efb000 	C:\WINDOWS\System32\gdi32full.dll
0x00007ff979a70000 - 0x00007ff979b0d000 	C:\WINDOWS\System32\msvcp_win.dll
0x00007ff96bbd0000 - 0x00007ff96be6a000 	C:\WINDOWS\WinSxS\amd64_microsoft.windows.common-controls_6595b64144ccf1df_6.0.19041.1110_none_60b5254171f9507e\COMCTL32.dll
0x00007ff97a750000 - 0x00007ff97a7ee000 	C:\WINDOWS\System32\msvcrt.dll
0x00007ff97a570000 - 0x00007ff97a5a0000 	C:\WINDOWS\System32\IMM32.DLL
0x00007ff94d220000 - 0x00007ff94d2bb000 	C:\Users\Mary Rachid\.jdks\corretto-11.0.15\bin\msvcp140.dll
0x00007ff9297a0000 - 0x00007ff92a323000 	C:\Users\Mary Rachid\.jdks\corretto-11.0.15\bin\server\jvm.dll
0x00007ff97b090000 - 0x00007ff97b13e000 	C:\WINDOWS\System32\ADVAPI32.dll
0x00007ff97a650000 - 0x00007ff97a6ec000 	C:\WINDOWS\System32\sechost.dll
0x00007ff97aea0000 - 0x00007ff97afc5000 	C:\WINDOWS\System32\RPCRT4.dll
0x00007ff97b720000 - 0x00007ff97b728000 	C:\WINDOWS\System32\PSAPI.DLL
0x00007ff96b130000 - 0x00007ff96b157000 	C:\WINDOWS\SYSTEM32\WINMM.dll
0x00007ff974850000 - 0x00007ff974859000 	C:\WINDOWS\SYSTEM32\WSOCK32.dll
0x00007ff97b150000 - 0x00007ff97b1bb000 	C:\WINDOWS\System32\WS2_32.dll
0x00007ff96c5a0000 - 0x00007ff96c5aa000 	C:\WINDOWS\SYSTEM32\VERSION.dll
0x00007ff9782a0000 - 0x00007ff9782b2000 	C:\WINDOWS\SYSTEM32\kernel.appcore.dll
0x00007ff975050000 - 0x00007ff975060000 	C:\Users\Mary Rachid\.jdks\corretto-11.0.15\bin\verify.dll
0x00007ff978030000 - 0x00007ff978214000 	C:\WINDOWS\SYSTEM32\DBGHELP.DLL
0x00007ff968790000 - 0x00007ff9687bc000 	C:\WINDOWS\SYSTEM32\dbgcore.DLL
0x00007ff979d60000 - 0x00007ff979de2000 	C:\WINDOWS\System32\bcryptPrimitives.dll
0x00007ff9724f0000 - 0x00007ff972518000 	C:\Users\Mary Rachid\.jdks\corretto-11.0.15\bin\java.dll
0x00007ff975040000 - 0x00007ff97504a000 	C:\Users\Mary Rachid\.jdks\corretto-11.0.15\bin\jimage.dll
0x00007ff973bd0000 - 0x00007ff973bde000 	C:\Users\Mary Rachid\.jdks\corretto-11.0.15\bin\instrument.dll
0x00007ff972f20000 - 0x00007ff972f38000 	C:\Users\Mary Rachid\.jdks\corretto-11.0.15\bin\zip.dll
0x00007ff97b9e0000 - 0x00007ff97c124000 	C:\WINDOWS\System32\SHELL32.dll
0x00007ff9777c0000 - 0x00007ff977f54000 	C:\WINDOWS\SYSTEM32\windows.storage.dll
0x00007ff97b270000 - 0x00007ff97b5c4000 	C:\WINDOWS\System32\combase.dll
0x00007ff979350000 - 0x00007ff97937c000 	C:\WINDOWS\SYSTEM32\Wldp.dll
0x00007ff97a5a0000 - 0x00007ff97a64d000 	C:\WINDOWS\System32\SHCORE.dll
0x00007ff97c130000 - 0x00007ff97c185000 	C:\WINDOWS\System32\shlwapi.dll
0x00007ff979900000 - 0x00007ff97991f000 	C:\WINDOWS\SYSTEM32\profapi.dll
0x00007ff972060000 - 0x00007ff972079000 	C:\Users\Mary Rachid\.jdks\corretto-11.0.15\bin\net.dll
0x00007ff96d4c0000 - 0x00007ff96d5ca000 	C:\WINDOWS\SYSTEM32\WINHTTP.dll
0x00007ff9790b0000 - 0x00007ff97911a000 	C:\WINDOWS\system32\mswsock.dll
0x00007ff972040000 - 0x00007ff972053000 	C:\Users\Mary Rachid\.jdks\corretto-11.0.15\bin\nio.dll
0x00007ff963ea0000 - 0x00007ff963eba000 	C:\Program Files\JetBrains\IntelliJ IDEA 2022.1.1\bin\breakgen64.dll
0x00007ff978de0000 - 0x00007ff978eab000 	C:\WINDOWS\SYSTEM32\DNSAPI.dll
0x00007ff978da0000 - 0x00007ff978ddb000 	C:\WINDOWS\SYSTEM32\IPHLPAPI.DLL
0x00007ff97b9d0000 - 0x00007ff97b9d8000 	C:\WINDOWS\System32\NSI.dll
0x00007ff96cc40000 - 0x00007ff96cc4a000 	C:\Windows\System32\rasadhlp.dll
0x00007ff96c6b0000 - 0x00007ff96c730000 	C:\WINDOWS\System32\fwpuclnt.dll
0x00007ff979b60000 - 0x00007ff979b87000 	C:\WINDOWS\System32\bcrypt.dll
0x00007ff972d50000 - 0x00007ff972d59000 	C:\Users\Mary Rachid\.jdks\corretto-11.0.15\bin\management.dll
0x00007ff9724e0000 - 0x00007ff9724eb000 	C:\Users\Mary Rachid\.jdks\corretto-11.0.15\bin\management_ext.dll
0x00007ff9792a0000 - 0x00007ff9792b8000 	C:\WINDOWS\SYSTEM32\CRYPTSP.dll
0x00007ff978a30000 - 0x00007ff978a64000 	C:\WINDOWS\system32\rsaenh.dll
0x00007ff979880000 - 0x00007ff9798ae000 	C:\WINDOWS\SYSTEM32\USERENV.dll
0x00007ff9792c0000 - 0x00007ff9792cc000 	C:\WINDOWS\SYSTEM32\CRYPTBASE.dll
0x00007ff971c90000 - 0x00007ff971ca7000 	C:\WINDOWS\SYSTEM32\dhcpcsvc6.DLL
0x00007ff971d60000 - 0x00007ff971d7d000 	C:\WINDOWS\SYSTEM32\dhcpcsvc.DLL
0x00007ff94d670000 - 0x00007ff94d687000 	C:\WINDOWS\system32\napinsp.dll
0x00007ff94d650000 - 0x00007ff94d66b000 	C:\WINDOWS\system32\pnrpnsp.dll
0x00007ff9514a0000 - 0x00007ff9514b5000 	C:\WINDOWS\system32\wshbth.dll
0x00007ff974fd0000 - 0x00007ff974fed000 	C:\WINDOWS\system32\NLAapi.dll
0x00007ff94d630000 - 0x00007ff94d642000 	C:\WINDOWS\System32\winrnr.dll

dbghelp: loaded successfully - version: 4.0.5 - missing functions: none
symbol engine: initialized successfully - sym options: 0x614 - pdb path: .;C:\Users\Mary Rachid\.jdks\corretto-11.0.15\bin;C:\WINDOWS\SYSTEM32;C:\WINDOWS\WinSxS\amd64_microsoft.windows.common-controls_6595b64144ccf1df_6.0.19041.1110_none_60b5254171f9507e;C:\Users\Mary Rachid\.jdks\corretto-11.0.15\bin\server;C:\Program Files\JetBrains\IntelliJ IDEA 2022.1.1\bin

VM Arguments:
jvm_args: -XX:TieredStopAtLevel=1 -Xverify:none -Dspring.output.ansi.enabled=always -Dcom.sun.management.jmxremote -Dspring.jmx.enabled=true -Dspring.liveBeansView.mbeanDomain -Dspring.application.admin.enabled=true -javaagent:C:\Program Files\JetBrains\IntelliJ IDEA 2022.1.1\lib\idea_rt.jar=56328:C:\Program Files\JetBrains\IntelliJ IDEA 2022.1.1\bin -Dfile.encoding=UTF-8 
java_command: com.gsnotes.ApplicationLauncher
java_class_path (initial): C:\Users\Mary Rachid\Music\app_gs_notes\app_gs_notes\gs_notes_app_boot\target\classes;C:\Users\Mary Rachid\.m2\repository\org\springframework\boot\spring-boot-starter-data-jpa\2.5.1\spring-boot-starter-data-jpa-2.5.1.jar;C:\Users\Mary Rachid\.m2\repository\org\springframework\boot\spring-boot-starter-aop\2.5.1\spring-boot-starter-aop-2.5.1.jar;C:\Users\Mary Rachid\.m2\repository\org\aspectj\aspectjweaver\1.9.6\aspectjweaver-1.9.6.jar;C:\Users\Mary Rachid\.m2\repository\org\springframework\boot\spring-boot-starter-jdbc\2.5.1\spring-boot-starter-jdbc-2.5.1.jar;C:\Users\Mary Rachid\.m2\repository\com\zaxxer\HikariCP\4.0.3\HikariCP-4.0.3.jar;C:\Users\Mary Rachid\.m2\repository\org\springframework\spring-jdbc\5.3.8\spring-jdbc-5.3.8.jar;C:\Users\Mary Rachid\.m2\repository\jakarta\transaction\jakarta.transaction-api\1.3.3\jakarta.transaction-api-1.3.3.jar;C:\Users\Mary Rachid\.m2\repository\jakarta\persistence\jakarta.persistence-api\2.2.3\jakarta.persistence-api-2.2.3.jar;C:\Users\Mary Rachid\.m2\repository\org\hibernate\hibernate-core\5.4.32.Final\hibernate-core-5.4.32.Final.jar;C:\Users\Mary Rachid\.m2\repository\org\javassist\javassist\3.27.0-GA\javassist-3.27.0-GA.jar;C:\Users\Mary Rachid\.m2\repository\net\bytebuddy\byte-buddy\1.10.22\byte-buddy-1.10.22.jar;C:\Users\Mary Rachid\.m2\repository\antlr\antlr\2.7.7\antlr-2.7.7.jar;C:\Users\Mary Rachid\.m2\repository\org\jboss\jandex\2.2.3.Final\jandex-2.2.3.Final.jar;C:\Users\Mary Rachid\.m2\repository\org\dom4j\dom4j\2.1.3\dom4j-2.1.3.jar;C:\Users\Mary Rachid\.m2\repository\org\hibernate\common\hibernate-commons-annotations\5.1.2.Final\hibernate-commons-annotations-5.1.2.Final.jar;C:\Users\Mary Rachid\.m2\repository\org\glassfish\jaxb\jaxb-runtime\2.3.4\jaxb-runtime-2.3.4.jar;C:\Users\Mary Rachid\.m2\repository\org\glassfish\jaxb\txw2\2.3.4\txw2-2.3.4.jar;C:\Users\Mary Rachid\.m2\repository\com\sun\istack\istack-commons-runtime\3.0.12\istack-commons-runtime-3.0.12.jar;C:\Users\Mary Rachid\.m
Launcher Type: SUN_STANDARD

[Global flags]
     bool BytecodeVerificationLocal                = false                                     {product} {command line}
     bool BytecodeVerificationRemote               = false                                     {product} {command line}
     intx CICompilerCount                          = 3                                         {product} {ergonomic}
     uint ConcGCThreads                            = 1                                         {product} {ergonomic}
     uint G1ConcRefinementThreads                  = 4                                         {product} {ergonomic}
   size_t G1HeapRegionSize                         = 1048576                                   {product} {ergonomic}
    uintx GCDrainStackTargetSize                   = 64                                        {product} {ergonomic}
   size_t InitialHeapSize                          = 134217728                                 {product} {ergonomic}
     bool ManagementServer                         = true                                      {product} {command line}
   size_t MarkStackSize                            = 4194304                                   {product} {ergonomic}
   size_t MaxHeapSize                              = 2116026368                                {product} {ergonomic}
   size_t MaxNewSize                               = 1268776960                                {product} {ergonomic}
   size_t MinHeapDeltaBytes                        = 1048576                                   {product} {ergonomic}
    uintx NonNMethodCodeHeapSize                   = 6973028                                {pd product} {ergonomic}
    uintx NonProfiledCodeHeapSize                  = 244685212                              {pd product} {ergonomic}
    uintx ProfiledCodeHeapSize                     = 0                                      {pd product} {ergonomic}
    uintx ReservedCodeCacheSize                    = 251658240                              {pd product} {ergonomic}
     bool SegmentedCodeCache                       = true                                      {product} {ergonomic}
     intx TieredStopAtLevel                        = 1                                         {product} {command line}
     bool UseCompressedClassPointers               = true                                 {lp64_product} {ergonomic}
     bool UseCompressedOops                        = true                                 {lp64_product} {ergonomic}
     bool UseG1GC                                  = true                                      {product} {ergonomic}
     bool UseLargePagesIndividualAllocation        = false                                  {pd product} {ergonomic}

Logging:
Log output configuration:
 #0: stdout all=warning uptime,level,tags
 #1: stderr all=off uptime,level,tags

Environment Variables:
JAVA_HOME=C:\Program Files\Java\jdk-17.0.2
JRE_HOME=C:\Program Files\Java\jre1.8.0_291
PATH=C:\Program Files\Common Files\Oracle\Java\javapath;C:\Program Files (x86)\Common Files\Oracle\Java\javapath;C:\Program Files (x86)\Common Files\Intel\Shared Libraries\redist\intel64\compiler;C:\WINDOWS\system32;C:\WINDOWS;C:\WINDOWS\System32\Wbem;C:\WINDOWS\System32\WindowsPowerShell\v1.0\;C:\WINDOWS\System32\OpenSSH\;C:\Program Files\SQL Anywhere 17\bin64;C:\Program Files\SQL Anywhere 17\bin32;C:\Program Files\Java\jdk-17.0.2\bin;C:\Program Files\apache-maven-3.8.4\bin;C:\Program Files\apache-maven-3.8.4\bin;C:\Program Files\nodejs\;C:\ProgramData\chocolatey\bin;C:\Python\Python310\Scripts\;C:\Python\Python310\;C:\Users\Mary Rachid\AppData\Local\Microsoft\WindowsApps;C:\Users\Mary Rachid\AppData\Local\Microsoft\WindowsApps;C:\Users\Mary Rachid\AppData\Local\Packages\PythonSoftwareFoundation.Python.3.9_qbz5n2kfra8p0\LocalCache\local-packages\Python39\Scripts;C:\Users\Mary Rachid\AppData\Local\Programs\Microsoft VS Code\bin;C:\Users\Mary Rachid\AppData\Roaming\npm
USERNAME=Mary Rachid
OS=Windows_NT
PROCESSOR_IDENTIFIER=Intel64 Family 6 Model 61 Stepping 4, GenuineIntel



---------------  S Y S T E M  ---------------

OS: Windows 10 , 64 bit Build 19041 (10.0.19041.1706)
OS uptime: 1 days 4:30 hours

CPU:total 4 (initial active 4) (2 cores per cpu, 2 threads per core) family 6 model 61 stepping 4 microcode 0x2d, cmov, cx8, fxsr, mmx, sse, sse2, sse3, ssse3, sse4.1, sse4.2, popcnt, avx, avx2, aes, clmul, erms, rtm, 3dnowpref, lzcnt, ht, tsc, tscinvbit, bmi1, bmi2, adx, fma

Memory: 4k page, system-wide physical 8067M (387M free)
TotalPageFile size 17388M (AvailPageFile size 0M)
current process WorkingSet (physical memory assigned to process): 244M, peak: 244M
current process commit charge ("private bytes"): 309M, peak: 340M

vm_info: OpenJDK 64-Bit Server VM (11.0.15+9-LTS) for windows-amd64 JRE (11.0.15+9-LTS), built on Apr 15 2022 22:20:31 by "Administrator" with unknown MS VC++:1916

END.
